# JRE version: 7.0_17-b02
# Java VM: Java HotSpot(TM) Client VM (23.7-b01 mixed mode, sharing windows-x86 )
Heap
 def new generation   total 22208K, used 13254K [0x22b00000, 0x24310000, 0x28050000)
  eden space 19776K,  67% used [0x22b00000, 0x237f1b30, 0x23e50000)
  from space 2432K,   0% used [0x23e50000, 0x23e50000, 0x240b0000)
  to   space 2432K,   0% used [0x240b0000, 0x240b0000, 0x24310000)
 tenured generation   total 49212K, used 29525K [0x28050000, 0x2b05f000, 0x32b00000)
   the space 49212K,  59% used [0x28050000, 0x29d25798, 0x29d25800, 0x2b05f000)
 compacting perm gen  total 12288K, used 1097K [0x32b00000, 0x33700000, 0x36b00000)
   the space 12288K,   8% used [0x32b00000, 0x32c12408, 0x32c12600, 0x33700000)
    ro space 10240K,  45% used [0x36b00000, 0x36f873d8, 0x36f87400, 0x37500000)
    rw space 12288K,  54% used [0x37500000, 0x37b8acc8, 0x37b8ae00, 0x38100000)
GC Heap History (10 events):
Event: 0.464 GC heap before
{Heap before GC invocations=1 (full 0):
 def new generation   total 4928K, used 4926K [0x22b00000, 0x23050000, 0x28050000)
  eden space 4416K,  99% used [0x22b00000, 0x22f4f830, 0x22f50000)
  from space 512K, 100% used [0x22fd0000, 0x23050000, 0x23050000)
  to   space 512K,   0% used [0x22f50000, 0x22f50000, 0x22fd0000)
 tenured generation   total 10944K, used 430K [0x28050000, 0x28b00000, 0x32b00000)
   the space 10944K,   3% used [0x28050000, 0x280bb9f8, 0x280bba00, 0x28b00000)
 compacting perm gen  total 12288K, used 1090K [0x32b00000, 0x33700000, 0x36b00000)
   the space 12288K,   8% used [0x32b00000, 0x32c10a90, 0x32c10c00, 0x33700000)
    ro space 10240K,  45% used [0x36b00000, 0x36f873d8, 0x36f87400, 0x37500000)
    rw space 12288K,  54% used [0x37500000, 0x37b8acc8, 0x37b8ae00, 0x38100000)
Event: 0.470 GC heap after
Heap after GC invocations=2 (full 0):
 def new generation   total 4928K, used 512K [0x22b00000, 0x23050000, 0x28050000)
  eden space 4416K,   0% used [0x22b00000, 0x22b00000, 0x22f50000)
  from space 512K, 100% used [0x22f50000, 0x22fd0000, 0x22fd0000)
  to   space 512K,   0% used [0x22fd0000, 0x22fd0000, 0x23050000)
 tenured generation   total 10944K, used 4277K [0x28050000, 0x28b00000, 0x32b00000)
   the space 10944K,  39% used [0x28050000, 0x2847d538, 0x2847d600, 0x28b00000)
 compacting perm gen  total 12288K, used 1090K [0x32b00000, 0x33700000, 0x36b00000)
   the space 12288K,   8% used [0x32b00000, 0x32c10a90, 0x32c10c00, 0x33700000)
    ro space 10240K,  45% used [0x36b00000, 0x36f873d8, 0x36f87400, 0x37500000)
    rw space 12288K,  54% used [0x37500000, 0x37b8acc8, 0x37b8ae00, 0x38100000)
}
Event: 0.471 GC heap before
{Heap before GC invocations=2 (full 0):
 def new generation   total 4928K, used 4927K [0x22b00000, 0x23050000, 0x28050000)
  eden space 4416K,  99% used [0x22b00000, 0x22f4fce8, 0x22f50000)
  from space 512K, 100% used [0x22f50000, 0x22fd0000, 0x22fd0000)
  to   space 512K,   0% used [0x22fd0000, 0x22fd0000, 0x23050000)
 tenured generation   total 10944K, used 4277K [0x28050000, 0x28b00000, 0x32b00000)
   the space 10944K,  39% used [0x28050000, 0x2847d538, 0x2847d600, 0x28b00000)
 compacting perm gen  total 12288K, used 1090K [0x32b00000, 0x33700000, 0x36b00000)
   the space 12288K,   8% used [0x32b00000, 0x32c10a90, 0x32c10c00, 0x33700000)
    ro space 10240K,  45% used [0x36b00000, 0x36f873d8, 0x36f87400, 0x37500000)
    rw space 12288K,  54% used [0x37500000, 0x37b8acc8, 0x37b8ae00, 0x38100000)
Event: 0.476 GC heap after
Heap after GC invocations=3 (full 0):
 def new generation   total 4928K, used 507K [0x22b00000, 0x23050000, 0x28050000)
  eden space 4416K,   0% used [0x22b00000, 0x22b00000, 0x22f50000)
  from space 512K,  99% used [0x22fd0000, 0x2304ec00, 0x23050000)
  to   space 512K,   0% used [0x22f50000, 0x22f50000, 0x22fd0000)
 tenured generation   total 10944K, used 8686K [0x28050000, 0x28b00000, 0x32b00000)
   the space 10944K,  79% used [0x28050000, 0x288cb858, 0x288cba00, 0x28b00000)
 compacting perm gen  total 12288K, used 1090K [0x32b00000, 0x33700000, 0x36b00000)
   the space 12288K,   8% used [0x32b00000, 0x32c10a90, 0x32c10c00, 0x33700000)
    ro space 10240K,  45% used [0x36b00000, 0x36f873d8, 0x36f87400, 0x37500000)
    rw space 12288K,  54% used [0x37500000, 0x37b8acc8, 0x37b8ae00, 0x38100000)
}
Event: 0.477 GC heap before
{Heap before GC invocations=3 (full 0):
 def new generation   total 4928K, used 4912K [0x22b00000, 0x23050000, 0x28050000)
  eden space 4416K,  99% used [0x22b00000, 0x22f4d7a0, 0x22f50000)
  from space 512K,  99% used [0x22fd0000, 0x2304ec00, 0x23050000)
  to   space 512K,   0% used [0x22f50000, 0x22f50000, 0x22fd0000)
 tenured generation   total 10944K, used 8686K [0x28050000, 0x28b00000, 0x32b00000)
   the space 10944K,  79% used [0x28050000, 0x288cb858, 0x288cba00, 0x28b00000)
 compacting perm gen  total 12288K, used 1090K [0x32b00000, 0x33700000, 0x36b00000)
   the space 12288K,   8% used [0x32b00000, 0x32c10a90, 0x32c10c00, 0x33700000)
    ro space 10240K,  45% used [0x36b00000, 0x36f873d8, 0x36f87400, 0x37500000)
    rw space 12288K,  54% used [0x37500000, 0x37b8acc8, 0x37b8ae00, 0x38100000)
Event: 0.500 GC heap after
Heap after GC invocations=4 (full 1):
 def new generation   total 9856K, used 475K [0x22b00000, 0x235b0000, 0x28050000)
  eden space 8768K,   5% used [0x22b00000, 0x22b76d40, 0x23390000)
  from space 1088K,   0% used [0x23390000, 0x23390000, 0x234a0000)
  to   space 1088K,   0% used [0x234a0000, 0x234a0000, 0x235b0000)
 tenured generation   total 21856K, used 13111K [0x28050000, 0x295a8000, 0x32b00000)
   the space 21856K,  59% used [0x28050000, 0x28d1df18, 0x28d1e000, 0x295a8000)
 compacting perm gen  total 12288K, used 1090K [0x32b00000, 0x33700000, 0x36b00000)
   the space 12288K,   8% used [0x32b00000, 0x32c10a90, 0x32c10c00, 0x33700000)
    ro space 10240K,  45% used [0x36b00000, 0x36f873d8, 0x36f87400, 0x37500000)
    rw space 12288K,  54% used [0x37500000, 0x37b8acc8, 0x37b8ae00, 0x38100000)
}
Event: 0.503 GC heap before
{Heap before GC invocations=4 (full 1):
 def new generation   total 9856K, used 8765K [0x22b00000, 0x235b0000, 0x28050000)
  eden space 8768K,  99% used [0x22b00000, 0x2338f5d8, 0x23390000)
  from space 1088K,   0% used [0x23390000, 0x23390000, 0x234a0000)
  to   space 1088K,   0% used [0x234a0000, 0x234a0000, 0x235b0000)
 tenured generation   total 21856K, used 13111K [0x28050000, 0x295a8000, 0x32b00000)
   the space 21856K,  59% used [0x28050000, 0x28d1df18, 0x28d1e000, 0x295a8000)
 compacting perm gen  total 12288K, used 1090K [0x32b00000, 0x33700000, 0x36b00000)
   the space 12288K,   8% used [0x32b00000, 0x32c10a90, 0x32c10c00, 0x33700000)
    ro space 10240K,  45% used [0x36b00000, 0x36f873d8, 0x36f87400, 0x37500000)
    rw space 12288K,  54% used [0x37500000, 0x37b8acc8, 0x37b8ae00, 0x38100000)
Event: 0.513 GC heap after
Heap after GC invocations=5 (full 1):
 def new generation   total 9856K, used 1087K [0x22b00000, 0x235b0000, 0x28050000)
  eden space 8768K,   0% used [0x22b00000, 0x22b00000, 0x23390000)
  from space 1088K,  99% used [0x234a0000, 0x235affc0, 0x235b0000)
  to   space 1088K,   0% used [0x23390000, 0x23390000, 0x234a0000)
 tenured generation   total 21856K, used 20685K [0x28050000, 0x295a8000, 0x32b00000)
   the space 21856K,  94% used [0x28050000, 0x29483458, 0x29483600, 0x295a8000)
 compacting perm gen  total 12288K, used 1090K [0x32b00000, 0x33700000, 0x36b00000)
   the space 12288K,   8% used [0x32b00000, 0x32c10a90, 0x32c10c00, 0x33700000)
    ro space 10240K,  45% used [0x36b00000, 0x36f873d8, 0x36f87400, 0x37500000)
    rw space 12288K,  54% used [0x37500000, 0x37b8acc8, 0x37b8ae00, 0x38100000)
}
Event: 0.515 GC heap before
{Heap before GC invocations=5 (full 1):
 def new generation   total 9856K, used 9853K [0x22b00000, 0x235b0000, 0x28050000)
  eden space 8768K,  99% used [0x22b00000, 0x2338f800, 0x23390000)
  from space 1088K,  99% used [0x234a0000, 0x235affc0, 0x235b0000)
  to   space 1088K,   0% used [0x23390000, 0x23390000, 0x234a0000)
 tenured generation   total 21856K, used 20685K [0x28050000, 0x295a8000, 0x32b00000)
   the space 21856K,  94% used [0x28050000, 0x29483458, 0x29483600, 0x295a8000)
 compacting perm gen  total 12288K, used 1090K [0x32b00000, 0x33700000, 0x36b00000)
   the space 12288K,   8% used [0x32b00000, 0x32c10a90, 0x32c10c00, 0x33700000)
    ro space 10240K,  45% used [0x36b00000, 0x36f873d8, 0x36f87400, 0x37500000)
    rw space 12288K,  54% used [0x37500000, 0x37b8acc8, 0x37b8ae00, 0x38100000)
Event: 0.546 GC heap after
Heap after GC invocations=6 (full 2):
 def new generation   total 22208K, used 992K [0x22b00000, 0x24310000, 0x28050000)
  eden space 19776K,   5% used [0x22b00000, 0x22bf8380, 0x23e50000)
  from space 2432K,   0% used [0x23e50000, 0x23e50000, 0x240b0000)
  to   space 2432K,   0% used [0x240b0000, 0x240b0000, 0x24310000)
 tenured generation   total 49212K, used 29525K [0x28050000, 0x2b05f000, 0x32b00000)
   the space 49212K,  59% used [0x28050000, 0x29d25798, 0x29d25800, 0x2b05f000)
 compacting perm gen  total 12288K, used 1090K [0x32b00000, 0x33700000, 0x36b00000)
   the space 12288K,   8% used [0x32b00000, 0x32c10a90, 0x32c10c00, 0x33700000)
    ro space 10240K,  45% used [0x36b00000, 0x36f873d8, 0x36f87400, 0x37500000)
    rw space 12288K,  54% used [0x37500000, 0x37b8acc8, 0x37b8ae00, 0x38100000)
}

